<?xml version="1.0" encoding="UTF-8"?>
<!-- Generated by org.testng.reporters.JUnitReportReporter -->
<testsuite skipped="0" hostname="DC1VDWHDD665" name="DOL508testing.DOL508Test1" tests="1" failures="0" timestamp="2020-12-22T15:51:28 EST" time="57.206" errors="0">
  <testcase name="Test" time="57.206" classname="DOL508testing.DOL508Test1"/>
  <system-out/>
</testsuite> <!-- DOL508testing.DOL508Test1 -->
